2025-07-29 10:06:12,144 - INFO - Logging initialized. Log file: /home/eternal/Desktop/voxel_order_1/Users/user_log/1_tbl_users__Users.log
2025-07-29 10:06:12,144 - INFO - 🔄 Starting full user data migration from MySQL → PostgreSQL
2025-07-29 10:06:12,144 - INFO - Starting to fetch users from MySQL database
2025-07-29 10:06:12,149 - INFO - Successfully fetched 122 users from MySQL
2025-07-29 10:06:12,150 - INFO - 🧑‍💻 Users fetched from MySQL: 122
2025-07-29 10:06:12,150 - INFO - Starting transformation of 122 users
2025-07-29 10:06:12,151 - INFO - Transformation completed: 122 valid users, 0 invalid users
2025-07-29 10:06:12,151 - INFO - 🚀 Transformed 122 users for insertion
2025-07-29 10:06:12,151 - INFO - Starting update of olduserid for 122 users in PostgreSQL (no new inserts)
2025-07-29 10:06:12,198 - INFO - ✅ Updated existing user: amitjgd@gmail.com (Adam Apple) - uId: 107, set olduserid: 1154
2025-07-29 10:06:12,206 - INFO - ✅ Updated existing user: anurag+1@eternalsoftsolutions.com (Anurag Baghail) - uId: 108, set olduserid: 1167
2025-07-29 10:06:12,208 - INFO - ✅ Updated existing user: dentistry@grainvalleyfamilydental.com (Peter Mcclellan) - uId: 109, set olduserid: 1168
2025-07-29 10:06:12,213 - INFO - ✅ Updated existing user: shahniravm@gmail.com (Shah Nirav) - uId: 110, set olduserid: 1169
2025-07-29 10:06:12,216 - INFO - ✅ Updated existing user: mak@eternalsoftsolutions.com (Mak Ans) - uId: 111, set olduserid: 1170
2025-07-29 10:06:12,218 - INFO - ✅ Updated existing user: drwiley@dentalexcell.com (Matt Wiley) - uId: 112, set olduserid: 1171
2025-07-29 10:06:12,219 - INFO - ✅ Updated existing user: drkumar@dentalexcell.com (Amit Kumar) - uId: 113, set olduserid: 1172
2025-07-29 10:06:12,224 - INFO - ✅ Updated existing user: mwvick7@gmail.com (Michael Vick) - uId: 114, set olduserid: 1173
2025-07-29 10:06:12,229 - INFO - ✅ Updated existing user: drlucaci@dentalexcell.com (Patrick Lucaci) - uId: 115, set olduserid: 1178
2025-07-29 10:06:12,233 - INFO - ✅ Updated existing user: cheryl.amos@westrockortho.com (Cheryl Amos) - uId: 116, set olduserid: 1180
2025-07-29 10:06:12,236 - INFO - ✅ Updated existing user: faerberassistant@gmail.com (Thomas Faerber) - uId: 117, set olduserid: 1181
2025-07-29 10:06:12,240 - INFO - ✅ Updated existing user: VICKYSPG1993@GMAIL.COM (Patel Preet bhai) - uId: 118, set olduserid: 1183
2025-07-29 10:06:12,243 - INFO - ✅ Updated existing user: viki@eternalsoftsolutions.com (viki patel) - uId: 119, set olduserid: 1184
2025-07-29 10:06:12,246 - INFO - ✅ Updated existing user: tom@surgicalarts.com (Thomas Faerber) - uId: 120, set olduserid: 1186
2025-07-29 10:06:12,248 - INFO - ✅ Updated existing user: smile@blackburnorthodontics.co (David Blackburn) - uId: 121, set olduserid: 1188
2025-07-29 10:06:12,250 - INFO - ✅ Updated existing user: info@dentistrykc.com (David Jackson) - uId: 122, set olduserid: 1189
2025-07-29 10:06:12,253 - INFO - ✅ Updated existing user: drhugocampos@gmail.com (Hugo Campos) - uId: 123, set olduserid: 1190
2025-07-29 10:06:12,256 - INFO - ✅ Updated existing user: drlabarca@dentalexcell.com (John Labarca) - uId: 125, set olduserid: 1192
2025-07-29 10:06:12,257 - INFO - ✅ Updated existing user: vandanaum@gmail.com (Toby kumar) - uId: 126, set olduserid: 1193
2025-07-29 10:06:12,258 - INFO - ✅ Updated existing user: drfinney@dentalexcell.com (Alicia Finney) - uId: 127, set olduserid: 1194
2025-07-29 10:06:12,260 - INFO - ✅ Updated existing user: nicci@facialspectrum.com (Steven Prstojevich) - uId: 128, set olduserid: 1195
2025-07-29 10:06:12,264 - INFO - ✅ Updated existing user: braces@dorschortho.com (John Dorsch) - uId: 129, set olduserid: 1196
2025-07-29 10:06:12,268 - INFO - ✅ Updated existing user: info@aroraperiodontics.com (Kirandeep Arora) - uId: 130, set olduserid: 1197
2025-07-29 10:06:12,271 - INFO - ✅ Updated existing user: greglohr@kcfos.com (Gregory Lohr) - uId: 131, set olduserid: 1198
2025-07-29 10:06:12,273 - INFO - ✅ Updated existing user: Brianhollabaugh@kcfos.com (Brian Hollabaugh) - uId: 132, set olduserid: 1199
2025-07-29 10:06:12,275 - INFO - ✅ Updated existing user: wagener@beladentistry.com (Katie Keck) - uId: 133, set olduserid: 1200
2025-07-29 10:06:12,276 - INFO - ✅ Updated existing user: jmhanleydmd@gmail.com (Jarred Hanley) - uId: 134, set olduserid: 1201
2025-07-29 10:06:12,278 - INFO - ✅ Updated existing user: integrator@paysonpremierdental.com (Jarred Hanley) - uId: 135, set olduserid: 1202
2025-07-29 10:06:12,280 - INFO - ✅ Updated existing user: poonam@eternalsoftsolutions.com (poonam patel) - uId: 136, set olduserid: 1203
2025-07-29 10:06:12,282 - INFO - ✅ Updated existing user: info@gracedental.com (Mina Sung) - uId: 137, set olduserid: 1204
2025-07-29 10:06:12,284 - INFO - ✅ Updated existing user: akshit@eternalsoftsolutions.com (Akshit Testing) - uId: 138, set olduserid: 1205
2025-07-29 10:06:12,286 - INFO - ✅ Updated existing user: iman.tageldeen@gmail.com (Iman Alhussein) - uId: 139, set olduserid: 1206
2025-07-29 10:06:12,287 - INFO - ✅ Updated existing user: test@asdf.com (TestName Testing) - uId: 140, set olduserid: 1207
2025-07-29 10:06:12,288 - INFO - ✅ Updated existing user: dhara@eternalsoftsolutions.com (Poonam Patel) - uId: 141, set olduserid: 1208
2025-07-29 10:06:12,289 - INFO - ✅ Updated existing user: drgena@hwhortho.com (Gena Hendrickson) - uId: 142, set olduserid: 1209
2025-07-29 10:06:12,293 - INFO - ✅ Updated existing user: drsharky@dentalexcell.com (Aaron Sharky) - uId: 143, set olduserid: 1210
2025-07-29 10:06:12,295 - INFO - ✅ Updated existing user: samantha@tmjsleepapnea.com (Larry Pribyl) - uId: 144, set olduserid: 1211
2025-07-29 10:06:12,297 - INFO - ✅ Updated existing user: aegd@wichita.edu (Dean Elledge) - uId: 145, set olduserid: 1212
2025-07-29 10:06:12,298 - INFO - ✅ Updated existing user: beth@olatheendo.com (Barton Putnam) - uId: 146, set olduserid: 1213
2025-07-29 10:06:12,299 - INFO - ✅ Updated existing user: drdo@dentalexcell.com (Tho Do) - uId: 147, set olduserid: 1214
2025-07-29 10:06:12,301 - INFO - ✅ Updated existing user: lfdc@lindsborgsmiles.com (Erik Peterson) - uId: 148, set olduserid: 1215
2025-07-29 10:06:12,302 - INFO - ✅ Updated existing user: celdds168@gmail.com (Maria Aluning) - uId: 149, set olduserid: 1216
2025-07-29 10:06:12,304 - INFO - ✅ Updated existing user: doctors@missiondentist.com (William Keith) - uId: 150, set olduserid: 1217
2025-07-29 10:06:12,307 - INFO - ✅ Updated existing user: drlivingston@fortcollinsperio.com (Darrell Livingston) - uId: 151, set olduserid: 1218
2025-07-29 10:06:12,309 - INFO - ✅ Updated existing user: contactus@fourriversperio.com (Jessica Scully) - uId: 152, set olduserid: 1219
2025-07-29 10:06:12,313 - INFO - ✅ Updated existing user: drk@kanningortho.com (Neil Kanning) - uId: 153, set olduserid: 1220
2025-07-29 10:06:12,315 - INFO - ✅ Updated existing user: kcvalleyrct@gmail.com (Prasad Challagulla) - uId: 154, set olduserid: 1221
2025-07-29 10:06:12,318 - INFO - ✅ Updated existing user: luxi351@gmail.com (Luxi Swisher) - uId: 155, set olduserid: 1222
2025-07-29 10:06:12,319 - INFO - ✅ Updated existing user: Marylandendo@gmail.com (Jeffrey Lieberman) - uId: 156, set olduserid: 1223
2025-07-29 10:06:12,320 - INFO - ✅ Updated existing user: nnewhouse@newhouseperio.com (Nancy Newhouse) - uId: 157, set olduserid: 1224
2025-07-29 10:06:12,322 - INFO - ✅ Updated existing user: jordanwehner@gmail.com (Jordan Wehner) - uId: 158, set olduserid: 1225
2025-07-29 10:06:12,324 - INFO - ✅ Updated existing user: info@westwoodaestheticdentistry.com (Rachel Wezka) - uId: 159, set olduserid: 1226
2025-07-29 10:06:12,325 - INFO - ✅ Updated existing user: baldwinperiodontics@gmail.com (Elizabeth Baldwin Beals) - uId: 160, set olduserid: 1227
2025-07-29 10:06:12,327 - INFO - ✅ Updated existing user: shawdiassar@gmail.com (Shawdi Assar) - uId: 161, set olduserid: 1228
2025-07-29 10:06:12,328 - INFO - ✅ Updated existing user: drchand@mcleanfamilydentistry.com (Uppasna Chand) - uId: 162, set olduserid: 1229
2025-07-29 10:06:12,329 - INFO - ✅ Updated existing user: drmcdaniel@mcdanielfamilydental.com (Nikita McDaniel) - uId: 163, set olduserid: 1230
2025-07-29 10:06:12,330 - INFO - ✅ Updated existing user: scbornaman16@gmail.com (Samantha Bornaman) - uId: 164, set olduserid: 1231
2025-07-29 10:06:12,332 - INFO - ✅ Updated existing user: cmschwinke@gmail.com (Clay Schwinke) - uId: 165, set olduserid: 1232
2025-07-29 10:06:12,333 - INFO - ✅ Updated existing user: Drcookfrontoffice@gmail.com (Jay Cook) - uId: 166, set olduserid: 1233
2025-07-29 10:06:12,334 - INFO - ✅ Updated existing user: info@drtinnel.com (Sarina Harman-Tinnel) - uId: 167, set olduserid: 1234
2025-07-29 10:06:12,337 - INFO - ✅ Updated existing user: nmedleydds@gmail.com (Nicole Medley) - uId: 168, set olduserid: 1235
2025-07-29 10:06:12,340 - INFO - ✅ Updated existing user: tixoj71987@nasskar.com (tixoj Test) - uId: 169, set olduserid: 1236
2025-07-29 10:06:12,342 - INFO - ✅ Updated existing user: akddskc@gmail.com (a k) - uId: 170, set olduserid: 1237
2025-07-29 10:06:12,344 - INFO - ✅ Updated existing user: hk@eternalsoftsolutions.com (Hardik Test) - uId: 171, set olduserid: 1238
2025-07-29 10:06:12,346 - INFO - ✅ Updated existing user: brianhollabaugh@kcfos.com (BRIAN HOLLABAUGH) - uId: 132, set olduserid: 1239
2025-07-29 10:06:12,350 - INFO - ✅ Updated existing user: DrD@watersdavidsondentistry.com (Lindsay Davidson) - uId: 173, set olduserid: 1240
2025-07-29 10:06:12,352 - INFO - ✅ Updated existing user: peter.rmdental@gmail.com (Peter McClellan) - uId: 174, set olduserid: 1241
2025-07-29 10:06:12,354 - INFO - ✅ Updated existing user: tc@oltjenbraces.com (Jay Oltjen) - uId: 175, set olduserid: 1242
2025-07-29 10:06:12,355 - INFO - ✅ Updated existing user: info@wardperio.com (Audra Ward) - uId: 176, set olduserid: 1243
2025-07-29 10:06:12,357 - INFO - ✅ Updated existing user: info@mcleanfamilydentistry.com (Uppasna Chand) - uId: 177, set olduserid: 1245
2025-07-29 10:06:12,358 - INFO - ✅ Updated existing user: info@rmdentalgroup.com (Peter McClellan) - uId: 178, set olduserid: 1246
2025-07-29 10:06:12,360 - INFO - ✅ Updated existing user: aaltomare@leawoodendodontics.com (Anthony Altomare) - uId: 179, set olduserid: 1247
2025-07-29 10:06:12,368 - INFO - ✅ Updated existing user: opdentaldesign318@gmail.com (Patrick Lillis) - uId: 180, set olduserid: 1248
2025-07-29 10:06:12,371 - INFO - ✅ Updated existing user: drshull@bcfdental.com (Kyle Shull) - uId: 181, set olduserid: 1249
2025-07-29 10:06:12,374 - INFO - ✅ Updated existing user: info@cosmeticimplantdentistrykc.com (David Jackson) - uId: 182, set olduserid: 1250
2025-07-29 10:06:12,377 - INFO - ✅ Updated existing user: cpellegrinodds@gmail.com (Camille Pellegrino) - uId: 183, set olduserid: 1251
2025-07-29 10:06:12,379 - INFO - ✅ Updated existing user: dcolathe1@gmail.com (navkiran warya) - uId: 184, set olduserid: 1252
2025-07-29 10:06:12,381 - INFO - ✅ Updated existing user: indyoffice@kcdios.com (Krista Lerner) - uId: 185, set olduserid: 1253
2025-07-29 10:06:12,384 - INFO - ✅ Updated existing user: clinical@watersdavidsondentistry.com (Lindsay Davidson) - uId: 186, set olduserid: 1254
2025-07-29 10:06:12,385 - INFO - ✅ Updated existing user: aaronstrangedds@gmail.com (Aaron Strange) - uId: 187, set olduserid: 1255
2025-07-29 10:06:12,387 - INFO - ✅ Updated existing user: ben.watkins@smilesinternational.com (Benjamin Watkins) - uId: 188, set olduserid: 1256
2025-07-29 10:06:12,389 - INFO - ✅ Updated existing user: caleb.murray96@gmail.com (Caleb Murray) - uId: 189, set olduserid: 1257
2025-07-29 10:06:12,392 - INFO - ✅ Updated existing user: Luis.a.blancodds@gmail.com (Luis Blanco) - uId: 190, set olduserid: 1258
2025-07-29 10:06:12,394 - INFO - ✅ Updated existing user: len@eternalsoftsolutions.com (Len Vaz) - uId: 206, set olduserid: 1259
2025-07-29 10:06:12,396 - INFO - ✅ Updated existing user: len+50@eternalsoftsolutions.com (Len Vaz) - uId: 191, set olduserid: 1260
2025-07-29 10:06:12,402 - INFO - ✅ Transaction committed successfully
2025-07-29 10:06:12,403 - INFO - 📊 Update summary: 85 users updated (no new users inserted)
2025-07-29 10:06:12,403 - INFO - === UPDATED USERS SUMMARY ===
2025-07-29 10:06:12,403 - INFO - uId 107 | amitjgd@gmail.com (Adam Apple) - olduserid: NULL -> 1154
2025-07-29 10:06:12,403 - INFO - uId 108 | anurag+1@eternalsoftsolutions.com (Anurag Baghail) - olduserid: NULL -> 1167
2025-07-29 10:06:12,403 - INFO - uId 109 | dentistry@grainvalleyfamilydental.com (Peter Mcclellan) - olduserid: NULL -> 1168
2025-07-29 10:06:12,403 - INFO - uId 110 | shahniravm@gmail.com (Shah Nirav) - olduserid: NULL -> 1169
2025-07-29 10:06:12,403 - INFO - uId 111 | mak@eternalsoftsolutions.com (Mak Ans) - olduserid: NULL -> 1170
2025-07-29 10:06:12,403 - INFO - uId 112 | drwiley@dentalexcell.com (Matt Wiley) - olduserid: NULL -> 1171
2025-07-29 10:06:12,403 - INFO - uId 113 | drkumar@dentalexcell.com (Amit Kumar) - olduserid: NULL -> 1172
2025-07-29 10:06:12,403 - INFO - uId 114 | mwvick7@gmail.com (Michael Vick) - olduserid: NULL -> 1173
2025-07-29 10:06:12,403 - INFO - uId 115 | drlucaci@dentalexcell.com (Patrick Lucaci) - olduserid: NULL -> 1178
2025-07-29 10:06:12,404 - INFO - uId 116 | cheryl.amos@westrockortho.com (Cheryl Amos) - olduserid: NULL -> 1180
2025-07-29 10:06:12,404 - INFO - uId 117 | faerberassistant@gmail.com (Thomas Faerber) - olduserid: NULL -> 1181
2025-07-29 10:06:12,404 - INFO - uId 118 | VICKYSPG1993@GMAIL.COM (Patel Preet bhai) - olduserid: NULL -> 1183
2025-07-29 10:06:12,404 - INFO - uId 119 | viki@eternalsoftsolutions.com (viki patel) - olduserid: NULL -> 1184
2025-07-29 10:06:12,404 - INFO - uId 120 | tom@surgicalarts.com (Thomas Faerber) - olduserid: NULL -> 1186
2025-07-29 10:06:12,404 - INFO - uId 121 | smile@blackburnorthodontics.co (David Blackburn) - olduserid: NULL -> 1188
2025-07-29 10:06:12,404 - INFO - uId 122 | info@dentistrykc.com (David Jackson) - olduserid: NULL -> 1189
2025-07-29 10:06:12,404 - INFO - uId 123 | drhugocampos@gmail.com (Hugo Campos) - olduserid: NULL -> 1190
2025-07-29 10:06:12,404 - INFO - uId 125 | drlabarca@dentalexcell.com (John Labarca) - olduserid: NULL -> 1192
2025-07-29 10:06:12,404 - INFO - uId 126 | vandanaum@gmail.com (Toby kumar) - olduserid: NULL -> 1193
2025-07-29 10:06:12,404 - INFO - uId 127 | drfinney@dentalexcell.com (Alicia Finney) - olduserid: NULL -> 1194
2025-07-29 10:06:12,404 - INFO - uId 128 | nicci@facialspectrum.com (Steven Prstojevich) - olduserid: NULL -> 1195
2025-07-29 10:06:12,404 - INFO - uId 129 | braces@dorschortho.com (John Dorsch) - olduserid: NULL -> 1196
2025-07-29 10:06:12,405 - INFO - uId 130 | info@aroraperiodontics.com (Kirandeep Arora) - olduserid: NULL -> 1197
2025-07-29 10:06:12,405 - INFO - uId 131 | greglohr@kcfos.com (Gregory Lohr) - olduserid: NULL -> 1198
2025-07-29 10:06:12,405 - INFO - uId 132 | Brianhollabaugh@kcfos.com (Brian Hollabaugh) - olduserid: NULL -> 1199
2025-07-29 10:06:12,405 - INFO - uId 133 | wagener@beladentistry.com (Katie Keck) - olduserid: NULL -> 1200
2025-07-29 10:06:12,405 - INFO - uId 134 | jmhanleydmd@gmail.com (Jarred Hanley) - olduserid: NULL -> 1201
2025-07-29 10:06:12,405 - INFO - uId 135 | integrator@paysonpremierdental.com (Jarred Hanley) - olduserid: NULL -> 1202
2025-07-29 10:06:12,405 - INFO - uId 136 | poonam@eternalsoftsolutions.com (poonam patel) - olduserid: NULL -> 1203
2025-07-29 10:06:12,405 - INFO - uId 137 | info@gracedental.com (Mina Sung) - olduserid: NULL -> 1204
2025-07-29 10:06:12,405 - INFO - uId 138 | akshit@eternalsoftsolutions.com (Akshit Testing) - olduserid: NULL -> 1205
2025-07-29 10:06:12,405 - INFO - uId 139 | iman.tageldeen@gmail.com (Iman Alhussein) - olduserid: NULL -> 1206
2025-07-29 10:06:12,405 - INFO - uId 140 | test@asdf.com (TestName Testing) - olduserid: NULL -> 1207
2025-07-29 10:06:12,405 - INFO - uId 141 | dhara@eternalsoftsolutions.com (Poonam Patel) - olduserid: NULL -> 1208
2025-07-29 10:06:12,405 - INFO - uId 142 | drgena@hwhortho.com (Gena Hendrickson) - olduserid: NULL -> 1209
2025-07-29 10:06:12,406 - INFO - uId 143 | drsharky@dentalexcell.com (Aaron Sharky) - olduserid: NULL -> 1210
2025-07-29 10:06:12,406 - INFO - uId 144 | samantha@tmjsleepapnea.com (Larry Pribyl) - olduserid: NULL -> 1211
2025-07-29 10:06:12,406 - INFO - uId 145 | aegd@wichita.edu (Dean Elledge) - olduserid: NULL -> 1212
2025-07-29 10:06:12,406 - INFO - uId 146 | beth@olatheendo.com (Barton Putnam) - olduserid: NULL -> 1213
2025-07-29 10:06:12,406 - INFO - uId 147 | drdo@dentalexcell.com (Tho Do) - olduserid: NULL -> 1214
2025-07-29 10:06:12,406 - INFO - uId 148 | lfdc@lindsborgsmiles.com (Erik Peterson) - olduserid: NULL -> 1215
2025-07-29 10:06:12,406 - INFO - uId 149 | celdds168@gmail.com (Maria Aluning) - olduserid: NULL -> 1216
2025-07-29 10:06:12,406 - INFO - uId 150 | doctors@missiondentist.com (William Keith) - olduserid: NULL -> 1217
2025-07-29 10:06:12,406 - INFO - uId 151 | drlivingston@fortcollinsperio.com (Darrell Livingston) - olduserid: NULL -> 1218
2025-07-29 10:06:12,406 - INFO - uId 152 | contactus@fourriversperio.com (Jessica Scully) - olduserid: NULL -> 1219
2025-07-29 10:06:12,406 - INFO - uId 153 | drk@kanningortho.com (Neil Kanning) - olduserid: NULL -> 1220
2025-07-29 10:06:12,406 - INFO - uId 154 | kcvalleyrct@gmail.com (Prasad Challagulla) - olduserid: NULL -> 1221
2025-07-29 10:06:12,406 - INFO - uId 155 | luxi351@gmail.com (Luxi Swisher) - olduserid: NULL -> 1222
2025-07-29 10:06:12,407 - INFO - uId 156 | Marylandendo@gmail.com (Jeffrey Lieberman) - olduserid: NULL -> 1223
2025-07-29 10:06:12,407 - INFO - uId 157 | nnewhouse@newhouseperio.com (Nancy Newhouse) - olduserid: NULL -> 1224
2025-07-29 10:06:12,407 - INFO - uId 158 | jordanwehner@gmail.com (Jordan Wehner) - olduserid: NULL -> 1225
2025-07-29 10:06:12,407 - INFO - uId 159 | info@westwoodaestheticdentistry.com (Rachel Wezka) - olduserid: NULL -> 1226
2025-07-29 10:06:12,407 - INFO - uId 160 | baldwinperiodontics@gmail.com (Elizabeth Baldwin Beals) - olduserid: NULL -> 1227
2025-07-29 10:06:12,407 - INFO - uId 161 | shawdiassar@gmail.com (Shawdi Assar) - olduserid: NULL -> 1228
2025-07-29 10:06:12,407 - INFO - uId 162 | drchand@mcleanfamilydentistry.com (Uppasna Chand) - olduserid: NULL -> 1229
2025-07-29 10:06:12,407 - INFO - uId 163 | drmcdaniel@mcdanielfamilydental.com (Nikita McDaniel) - olduserid: NULL -> 1230
2025-07-29 10:06:12,407 - INFO - uId 164 | scbornaman16@gmail.com (Samantha Bornaman) - olduserid: NULL -> 1231
2025-07-29 10:06:12,407 - INFO - uId 165 | cmschwinke@gmail.com (Clay Schwinke) - olduserid: NULL -> 1232
2025-07-29 10:06:12,407 - INFO - uId 166 | Drcookfrontoffice@gmail.com (Jay Cook) - olduserid: NULL -> 1233
2025-07-29 10:06:12,407 - INFO - uId 167 | info@drtinnel.com (Sarina Harman-Tinnel) - olduserid: NULL -> 1234
2025-07-29 10:06:12,407 - INFO - uId 168 | nmedleydds@gmail.com (Nicole Medley) - olduserid: NULL -> 1235
2025-07-29 10:06:12,407 - INFO - uId 169 | tixoj71987@nasskar.com (tixoj Test) - olduserid: NULL -> 1236
2025-07-29 10:06:12,407 - INFO - uId 170 | akddskc@gmail.com (a k) - olduserid: NULL -> 1237
2025-07-29 10:06:12,408 - INFO - uId 171 | hk@eternalsoftsolutions.com (Hardik Test) - olduserid: NULL -> 1238
2025-07-29 10:06:12,408 - INFO - uId 132 | brianhollabaugh@kcfos.com (BRIAN HOLLABAUGH) - olduserid: 1199 -> 1239
2025-07-29 10:06:12,408 - INFO - uId 173 | DrD@watersdavidsondentistry.com (Lindsay Davidson) - olduserid: NULL -> 1240
2025-07-29 10:06:12,408 - INFO - uId 174 | peter.rmdental@gmail.com (Peter McClellan) - olduserid: NULL -> 1241
2025-07-29 10:06:12,408 - INFO - uId 175 | tc@oltjenbraces.com (Jay Oltjen) - olduserid: NULL -> 1242
2025-07-29 10:06:12,408 - INFO - uId 176 | info@wardperio.com (Audra Ward) - olduserid: NULL -> 1243
2025-07-29 10:06:12,408 - INFO - uId 177 | info@mcleanfamilydentistry.com (Uppasna Chand) - olduserid: NULL -> 1245
2025-07-29 10:06:12,408 - INFO - uId 178 | info@rmdentalgroup.com (Peter McClellan) - olduserid: NULL -> 1246
2025-07-29 10:06:12,408 - INFO - uId 179 | aaltomare@leawoodendodontics.com (Anthony Altomare) - olduserid: NULL -> 1247
2025-07-29 10:06:12,408 - INFO - uId 180 | opdentaldesign318@gmail.com (Patrick Lillis) - olduserid: NULL -> 1248
2025-07-29 10:06:12,408 - INFO - uId 181 | drshull@bcfdental.com (Kyle Shull) - olduserid: NULL -> 1249
2025-07-29 10:06:12,408 - INFO - uId 182 | info@cosmeticimplantdentistrykc.com (David Jackson) - olduserid: NULL -> 1250
2025-07-29 10:06:12,408 - INFO - uId 183 | cpellegrinodds@gmail.com (Camille Pellegrino) - olduserid: NULL -> 1251
2025-07-29 10:06:12,408 - INFO - uId 184 | dcolathe1@gmail.com (navkiran warya) - olduserid: NULL -> 1252
2025-07-29 10:06:12,408 - INFO - uId 185 | indyoffice@kcdios.com (Krista Lerner) - olduserid: NULL -> 1253
2025-07-29 10:06:12,409 - INFO - uId 186 | clinical@watersdavidsondentistry.com (Lindsay Davidson) - olduserid: NULL -> 1254
2025-07-29 10:06:12,409 - INFO - uId 187 | aaronstrangedds@gmail.com (Aaron Strange) - olduserid: NULL -> 1255
2025-07-29 10:06:12,409 - INFO - uId 188 | ben.watkins@smilesinternational.com (Benjamin Watkins) - olduserid: NULL -> 1256
2025-07-29 10:06:12,409 - INFO - uId 189 | caleb.murray96@gmail.com (Caleb Murray) - olduserid: NULL -> 1257
2025-07-29 10:06:12,409 - INFO - uId 190 | Luis.a.blancodds@gmail.com (Luis Blanco) - olduserid: NULL -> 1258
2025-07-29 10:06:12,409 - INFO - uId 206 | len@eternalsoftsolutions.com (Len Vaz) - olduserid: NULL -> 1259
2025-07-29 10:06:12,409 - INFO - uId 191 | len+50@eternalsoftsolutions.com (Len Vaz) - olduserid: NULL -> 1260
2025-07-29 10:06:12,409 - INFO - PostgreSQL connection closed
2025-07-29 10:06:12,409 - INFO - ⏱️ Migration completed in 0.26 seconds
2025-07-29 10:06:12,409 - INFO - 🎉 User migration process completed successfully!
2026-01-06 16:22:55,387 - INFO - Logging initialized. Log file: /Users/lenvaz/Documents/software-development/office/voxel-reader-database-migration-scripts/voxel-reader-migration-scripts/Users/user_log/1_tbl_users__Users.log
2026-01-06 16:22:55,387 - INFO - 🔄 Starting full user data migration from MySQL → PostgreSQL
2026-01-06 16:22:55,387 - INFO - Starting to fetch users from MySQL database
2026-01-06 16:22:55,445 - INFO - Successfully fetched 127 users from MySQL
2026-01-06 16:22:55,445 - INFO - 🧑‍💻 Users fetched from MySQL: 127
2026-01-06 16:22:55,445 - INFO - Starting transformation of 127 users
2026-01-06 16:22:55,445 - INFO - Transformation completed: 127 valid users, 0 invalid users
2026-01-06 16:22:55,445 - INFO - 🚀 Transformed 127 users for insertion
2026-01-06 16:22:55,445 - INFO - Starting update of olduserid for 127 users in PostgreSQL (no new inserts)
2026-01-06 16:22:55,568 - INFO - ✅ Updated existing user: amitjgd@gmail.com (Adam Apple) - uId: 107, set olduserid: 1154
2026-01-06 16:22:55,572 - INFO - ✅ Updated existing user: anurag+1@eternalsoftsolutions.com (Anurag Baghail) - uId: 108, set olduserid: 1167
2026-01-06 16:22:55,572 - INFO - ✅ Updated existing user: dentistry@grainvalleyfamilydental.com (Peter Mcclellan) - uId: 109, set olduserid: 1168
2026-01-06 16:22:55,573 - INFO - ✅ Updated existing user: shahniravm@gmail.com (Shah Nirav) - uId: 110, set olduserid: 1169
2026-01-06 16:22:55,574 - INFO - ✅ Updated existing user: mak@eternalsoftsolutions.com (Mak Ans) - uId: 111, set olduserid: 1170
2026-01-06 16:22:55,574 - INFO - ✅ Updated existing user: drwiley@dentalexcell.com (Matt Wiley) - uId: 112, set olduserid: 1171
2026-01-06 16:22:55,575 - INFO - ✅ Updated existing user: drkumar@dentalexcell.com (Amit Kumar) - uId: 113, set olduserid: 1172
2026-01-06 16:22:55,575 - INFO - ✅ Updated existing user: mwvick7@gmail.com (Michael Vick) - uId: 114, set olduserid: 1173
2026-01-06 16:22:55,576 - INFO - ✅ Updated existing user: drlucaci@dentalexcell.com (Patrick Lucaci) - uId: 115, set olduserid: 1178
2026-01-06 16:22:55,577 - INFO - ✅ Updated existing user: cheryl.amos@westrockortho.com (Cheryl Amos) - uId: 116, set olduserid: 1180
2026-01-06 16:22:55,578 - INFO - ✅ Updated existing user: faerberassistant@gmail.com (Thomas Faerber) - uId: 117, set olduserid: 1181
2026-01-06 16:22:55,579 - INFO - ✅ Updated existing user: VICKYSPG1993@GMAIL.COM (Patel Preet bhai) - uId: 118, set olduserid: 1183
2026-01-06 16:22:55,579 - INFO - ✅ Updated existing user: viki@eternalsoftsolutions.com (viki patel) - uId: 119, set olduserid: 1184
2026-01-06 16:22:55,580 - INFO - ✅ Updated existing user: tom@surgicalarts.com (Thomas Faerber) - uId: 120, set olduserid: 1186
2026-01-06 16:22:55,581 - INFO - ✅ Updated existing user: smile@blackburnorthodontics.co (David Blackburn) - uId: 121, set olduserid: 1188
2026-01-06 16:22:55,582 - INFO - ✅ Updated existing user: info@dentistrykc.com (David Jackson) - uId: 122, set olduserid: 1189
2026-01-06 16:22:55,582 - INFO - ✅ Updated existing user: drhugocampos@gmail.com (Hugo Campos) - uId: 123, set olduserid: 1190
2026-01-06 16:22:55,583 - INFO - ✅ Updated existing user: drlabarca@dentalexcell.com (John Labarca) - uId: 125, set olduserid: 1192
2026-01-06 16:22:55,584 - INFO - ✅ Updated existing user: vandanaum@gmail.com (Toby kumar) - uId: 126, set olduserid: 1193
2026-01-06 16:22:55,584 - INFO - ✅ Updated existing user: drfinney@dentalexcell.com (Alicia Finney) - uId: 127, set olduserid: 1194
2026-01-06 16:22:55,585 - INFO - ✅ Updated existing user: nicci@facialspectrum.com (Steven Prstojevich) - uId: 128, set olduserid: 1195
2026-01-06 16:22:55,586 - INFO - ✅ Updated existing user: braces@dorschortho.com (John Dorsch) - uId: 129, set olduserid: 1196
2026-01-06 16:22:55,586 - INFO - ✅ Updated existing user: info@aroraperiodontics.com (Kirandeep Arora) - uId: 130, set olduserid: 1197
2026-01-06 16:22:55,587 - INFO - ✅ Updated existing user: greglohr@kcfos.com (Gregory Lohr) - uId: 131, set olduserid: 1198
2026-01-06 16:22:55,590 - INFO - ✅ Updated existing user: Brianhollabaugh@kcfos.com (Brian Hollabaugh) - uId: 172, set olduserid: 1199
2026-01-06 16:22:55,590 - INFO - ✅ Updated existing user: wagener@beladentistry.com (Katie Keck) - uId: 133, set olduserid: 1200
2026-01-06 16:22:55,591 - INFO - ✅ Updated existing user: jmhanleydmd@gmail.com (Jarred Hanley) - uId: 134, set olduserid: 1201
2026-01-06 16:22:55,591 - INFO - ✅ Updated existing user: integrator@paysonpremierdental.com (Jarred Hanley) - uId: 135, set olduserid: 1202
2026-01-06 16:22:55,592 - INFO - ✅ Updated existing user: poonam@eternalsoftsolutions.com (poonam patel) - uId: 136, set olduserid: 1203
2026-01-06 16:22:55,592 - INFO - ✅ Updated existing user: info@gracedental.com (Mina Sung) - uId: 137, set olduserid: 1204
2026-01-06 16:22:55,592 - INFO - ✅ Updated existing user: akshit@eternalsoftsolutions.com (Akshit Testing) - uId: 138, set olduserid: 1205
2026-01-06 16:22:55,593 - INFO - ✅ Updated existing user: iman.tageldeen@gmail.com (Iman Alhussein) - uId: 139, set olduserid: 1206
2026-01-06 16:22:55,593 - INFO - ✅ Updated existing user: test@asdf.com (TestName Testing) - uId: 140, set olduserid: 1207
2026-01-06 16:22:55,594 - INFO - ✅ Updated existing user: dhara@eternalsoftsolutions.com (Poonam Patel) - uId: 141, set olduserid: 1208
2026-01-06 16:22:55,596 - INFO - ✅ Updated existing user: drgena@hwhortho.com (Gena Hendrickson) - uId: 142, set olduserid: 1209
2026-01-06 16:22:55,596 - INFO - ✅ Updated existing user: drsharky@dentalexcell.com (Aaron Sharky) - uId: 143, set olduserid: 1210
2026-01-06 16:22:55,597 - INFO - ✅ Updated existing user: samantha@tmjsleepapnea.com (Larry Pribyl) - uId: 144, set olduserid: 1211
2026-01-06 16:22:55,597 - INFO - ✅ Updated existing user: aegd@wichita.edu (Dean Elledge) - uId: 145, set olduserid: 1212
2026-01-06 16:22:55,598 - INFO - ✅ Updated existing user: beth@olatheendo.com (Barton Putnam) - uId: 146, set olduserid: 1213
2026-01-06 16:22:55,598 - INFO - ✅ Updated existing user: drdo@dentalexcell.com (Tho Do) - uId: 147, set olduserid: 1214
2026-01-06 16:22:55,599 - INFO - ✅ Updated existing user: lfdc@lindsborgsmiles.com (Erik Peterson) - uId: 148, set olduserid: 1215
2026-01-06 16:22:55,599 - INFO - ✅ Updated existing user: celdds168@gmail.com (Maria Aluning) - uId: 149, set olduserid: 1216
2026-01-06 16:22:55,599 - INFO - ✅ Updated existing user: doctors@missiondentist.com (William Keith) - uId: 150, set olduserid: 1217
2026-01-06 16:22:55,600 - INFO - ✅ Updated existing user: drlivingston@fortcollinsperio.com (Darrell Livingston) - uId: 151, set olduserid: 1218
2026-01-06 16:22:55,600 - INFO - ✅ Updated existing user: contactus@fourriversperio.com (Jessica Scully) - uId: 152, set olduserid: 1219
2026-01-06 16:22:55,601 - INFO - ✅ Updated existing user: drk@kanningortho.com (Neil Kanning) - uId: 153, set olduserid: 1220
2026-01-06 16:22:55,601 - INFO - ✅ Updated existing user: kcvalleyrct@gmail.com (Prasad Challagulla) - uId: 154, set olduserid: 1221
2026-01-06 16:22:55,602 - INFO - ✅ Updated existing user: luxi351@gmail.com (Luxi Swisher) - uId: 155, set olduserid: 1222
2026-01-06 16:22:55,602 - INFO - ✅ Updated existing user: Marylandendo@gmail.com (Jeffrey Lieberman) - uId: 156, set olduserid: 1223
2026-01-06 16:22:55,603 - INFO - ✅ Updated existing user: nnewhouse@newhouseperio.com (Nancy Newhouse) - uId: 157, set olduserid: 1224
2026-01-06 16:22:55,603 - INFO - ✅ Updated existing user: jordanwehner@gmail.com (Jordan Wehner) - uId: 158, set olduserid: 1225
2026-01-06 16:22:55,603 - INFO - ✅ Updated existing user: info@westwoodaestheticdentistry.com (Rachel Wezka) - uId: 159, set olduserid: 1226
2026-01-06 16:22:55,604 - INFO - ✅ Updated existing user: baldwinperiodontics@gmail.com (Elizabeth Baldwin Beals) - uId: 160, set olduserid: 1227
2026-01-06 16:22:55,604 - INFO - ✅ Updated existing user: shawdiassar@gmail.com (Shawdi Assar) - uId: 161, set olduserid: 1228
2026-01-06 16:22:55,604 - INFO - ✅ Updated existing user: drchand@mcleanfamilydentistry.com (Uppasna Chand) - uId: 162, set olduserid: 1229
2026-01-06 16:22:55,605 - INFO - ✅ Updated existing user: drmcdaniel@mcdanielfamilydental.com (Nikita McDaniel) - uId: 163, set olduserid: 1230
2026-01-06 16:22:55,605 - INFO - ✅ Updated existing user: scbornaman16@gmail.com (Samantha Bornaman) - uId: 164, set olduserid: 1231
2026-01-06 16:22:55,605 - INFO - ✅ Updated existing user: cmschwinke@gmail.com (Clay Schwinke) - uId: 165, set olduserid: 1232
2026-01-06 16:22:55,606 - INFO - ✅ Updated existing user: Drcookfrontoffice@gmail.com (Jay Cook) - uId: 166, set olduserid: 1233
2026-01-06 16:22:55,606 - INFO - ✅ Updated existing user: info@drtinnel.com (Sarina Harman-Tinnel) - uId: 167, set olduserid: 1234
2026-01-06 16:22:55,606 - INFO - ✅ Updated existing user: nmedleydds@gmail.com (Nicole Medley) - uId: 168, set olduserid: 1235
2026-01-06 16:22:55,607 - INFO - ✅ Updated existing user: tixoj71987@nasskar.com (tixoj Test) - uId: 169, set olduserid: 1236
2026-01-06 16:22:55,607 - INFO - ✅ Updated existing user: akddskc@gmail.com (a k) - uId: 170, set olduserid: 1237
2026-01-06 16:22:55,607 - INFO - ✅ Updated existing user: hk@eternalsoftsolutions.com (Hardik Test) - uId: 171, set olduserid: 1238
2026-01-06 16:22:55,608 - INFO - ✅ Updated existing user: brianhollabaugh@kcfos.com (BRIAN HOLLABAUGH) - uId: 172, set olduserid: 1239
2026-01-06 16:22:55,608 - INFO - ✅ Updated existing user: DrD@watersdavidsondentistry.com (Lindsay Davidson) - uId: 173, set olduserid: 1240
2026-01-06 16:22:55,608 - INFO - ✅ Updated existing user: peter.rmdental@gmail.com (Peter McClellan) - uId: 174, set olduserid: 1241
2026-01-06 16:22:55,609 - INFO - ✅ Updated existing user: tc@oltjenbraces.com (Jay Oltjen) - uId: 175, set olduserid: 1242
2026-01-06 16:22:55,609 - INFO - ✅ Updated existing user: info@wardperio.com (Audra Ward) - uId: 176, set olduserid: 1243
2026-01-06 16:22:55,609 - INFO - ✅ Updated existing user: info@mcleanfamilydentistry.com (Uppasna Chand) - uId: 177, set olduserid: 1245
2026-01-06 16:22:55,610 - INFO - ✅ Updated existing user: info@rmdentalgroup.com (Peter McClellan) - uId: 178, set olduserid: 1246
2026-01-06 16:22:55,610 - INFO - ✅ Updated existing user: aaltomare@leawoodendodontics.com (Anthony Altomare) - uId: 179, set olduserid: 1247
2026-01-06 16:22:55,610 - INFO - ✅ Updated existing user: opdentaldesign318@gmail.com (Patrick Lillis) - uId: 180, set olduserid: 1248
2026-01-06 16:22:55,611 - INFO - ✅ Updated existing user: drshull@bcfdental.com (Kyle Shull) - uId: 181, set olduserid: 1249
2026-01-06 16:22:55,611 - INFO - ✅ Updated existing user: info@cosmeticimplantdentistrykc.com (David Jackson) - uId: 182, set olduserid: 1250
2026-01-06 16:22:55,612 - INFO - ✅ Updated existing user: cpellegrinodds@gmail.com (Camille Pellegrino) - uId: 183, set olduserid: 1251
2026-01-06 16:22:55,612 - INFO - ✅ Updated existing user: dcolathe1@gmail.com (navkiran warya) - uId: 184, set olduserid: 1252
2026-01-06 16:22:55,613 - INFO - ✅ Updated existing user: indyoffice@kcdios.com (Krista Lerner) - uId: 185, set olduserid: 1253
2026-01-06 16:22:55,613 - INFO - ✅ Updated existing user: clinical@watersdavidsondentistry.com (Lindsay Davidson) - uId: 186, set olduserid: 1254
2026-01-06 16:22:55,613 - INFO - ✅ Updated existing user: aaronstrangedds@gmail.com (Aaron Strange) - uId: 187, set olduserid: 1255
2026-01-06 16:22:55,614 - INFO - ✅ Updated existing user: ben.watkins@smilesinternational.com (Benjamin Watkins) - uId: 188, set olduserid: 1256
2026-01-06 16:22:55,614 - INFO - ✅ Updated existing user: caleb.murray96@gmail.com (Caleb Murray) - uId: 189, set olduserid: 1257
2026-01-06 16:22:55,614 - INFO - ✅ Updated existing user: Luis.a.blancodds@gmail.com (Luis Blanco) - uId: 190, set olduserid: 1258
2026-01-06 16:22:55,615 - INFO - ✅ Updated existing user: len@eternalsoftsolutions.com (Len Vaz) - uId: 206, set olduserid: 1259
2026-01-06 16:22:55,615 - INFO - ✅ Updated existing user: len+50@eternalsoftsolutions.com (Len Vaz) - uId: 191, set olduserid: 1260
2026-01-06 16:22:55,617 - INFO - ✅ Transaction committed successfully
2026-01-06 16:22:55,617 - INFO - 📊 Update summary: 85 users updated (no new users inserted)
2026-01-06 16:22:55,617 - INFO - === UPDATED USERS SUMMARY ===
2026-01-06 16:22:55,617 - INFO - uId 107 | amitjgd@gmail.com (Adam Apple) - olduserid: NULL -> 1154
2026-01-06 16:22:55,618 - INFO - uId 108 | anurag+1@eternalsoftsolutions.com (Anurag Baghail) - olduserid: NULL -> 1167
2026-01-06 16:22:55,618 - INFO - uId 109 | dentistry@grainvalleyfamilydental.com (Peter Mcclellan) - olduserid: NULL -> 1168
2026-01-06 16:22:55,618 - INFO - uId 110 | shahniravm@gmail.com (Shah Nirav) - olduserid: NULL -> 1169
2026-01-06 16:22:55,618 - INFO - uId 111 | mak@eternalsoftsolutions.com (Mak Ans) - olduserid: NULL -> 1170
2026-01-06 16:22:55,618 - INFO - uId 112 | drwiley@dentalexcell.com (Matt Wiley) - olduserid: NULL -> 1171
2026-01-06 16:22:55,618 - INFO - uId 113 | drkumar@dentalexcell.com (Amit Kumar) - olduserid: NULL -> 1172
2026-01-06 16:22:55,618 - INFO - uId 114 | mwvick7@gmail.com (Michael Vick) - olduserid: NULL -> 1173
2026-01-06 16:22:55,618 - INFO - uId 115 | drlucaci@dentalexcell.com (Patrick Lucaci) - olduserid: NULL -> 1178
2026-01-06 16:22:55,618 - INFO - uId 116 | cheryl.amos@westrockortho.com (Cheryl Amos) - olduserid: NULL -> 1180
2026-01-06 16:22:55,618 - INFO - uId 117 | faerberassistant@gmail.com (Thomas Faerber) - olduserid: NULL -> 1181
2026-01-06 16:22:55,618 - INFO - uId 118 | VICKYSPG1993@GMAIL.COM (Patel Preet bhai) - olduserid: NULL -> 1183
2026-01-06 16:22:55,618 - INFO - uId 119 | viki@eternalsoftsolutions.com (viki patel) - olduserid: NULL -> 1184
2026-01-06 16:22:55,618 - INFO - uId 120 | tom@surgicalarts.com (Thomas Faerber) - olduserid: NULL -> 1186
2026-01-06 16:22:55,618 - INFO - uId 121 | smile@blackburnorthodontics.co (David Blackburn) - olduserid: NULL -> 1188
2026-01-06 16:22:55,618 - INFO - uId 122 | info@dentistrykc.com (David Jackson) - olduserid: NULL -> 1189
2026-01-06 16:22:55,618 - INFO - uId 123 | drhugocampos@gmail.com (Hugo Campos) - olduserid: NULL -> 1190
2026-01-06 16:22:55,618 - INFO - uId 125 | drlabarca@dentalexcell.com (John Labarca) - olduserid: NULL -> 1192
2026-01-06 16:22:55,618 - INFO - uId 126 | vandanaum@gmail.com (Toby kumar) - olduserid: NULL -> 1193
2026-01-06 16:22:55,618 - INFO - uId 127 | drfinney@dentalexcell.com (Alicia Finney) - olduserid: NULL -> 1194
2026-01-06 16:22:55,618 - INFO - uId 128 | nicci@facialspectrum.com (Steven Prstojevich) - olduserid: NULL -> 1195
2026-01-06 16:22:55,618 - INFO - uId 129 | braces@dorschortho.com (John Dorsch) - olduserid: NULL -> 1196
2026-01-06 16:22:55,618 - INFO - uId 130 | info@aroraperiodontics.com (Kirandeep Arora) - olduserid: NULL -> 1197
2026-01-06 16:22:55,618 - INFO - uId 131 | greglohr@kcfos.com (Gregory Lohr) - olduserid: NULL -> 1198
2026-01-06 16:22:55,618 - INFO - uId 172 | Brianhollabaugh@kcfos.com (Brian Hollabaugh) - olduserid: NULL -> 1199
2026-01-06 16:22:55,618 - INFO - uId 133 | wagener@beladentistry.com (Katie Keck) - olduserid: NULL -> 1200
2026-01-06 16:22:55,618 - INFO - uId 134 | jmhanleydmd@gmail.com (Jarred Hanley) - olduserid: NULL -> 1201
2026-01-06 16:22:55,618 - INFO - uId 135 | integrator@paysonpremierdental.com (Jarred Hanley) - olduserid: NULL -> 1202
2026-01-06 16:22:55,618 - INFO - uId 136 | poonam@eternalsoftsolutions.com (poonam patel) - olduserid: NULL -> 1203
2026-01-06 16:22:55,618 - INFO - uId 137 | info@gracedental.com (Mina Sung) - olduserid: NULL -> 1204
2026-01-06 16:22:55,618 - INFO - uId 138 | akshit@eternalsoftsolutions.com (Akshit Testing) - olduserid: NULL -> 1205
2026-01-06 16:22:55,618 - INFO - uId 139 | iman.tageldeen@gmail.com (Iman Alhussein) - olduserid: NULL -> 1206
2026-01-06 16:22:55,618 - INFO - uId 140 | test@asdf.com (TestName Testing) - olduserid: NULL -> 1207
2026-01-06 16:22:55,618 - INFO - uId 141 | dhara@eternalsoftsolutions.com (Poonam Patel) - olduserid: NULL -> 1208
2026-01-06 16:22:55,618 - INFO - uId 142 | drgena@hwhortho.com (Gena Hendrickson) - olduserid: NULL -> 1209
2026-01-06 16:22:55,618 - INFO - uId 143 | drsharky@dentalexcell.com (Aaron Sharky) - olduserid: NULL -> 1210
2026-01-06 16:22:55,618 - INFO - uId 144 | samantha@tmjsleepapnea.com (Larry Pribyl) - olduserid: NULL -> 1211
2026-01-06 16:22:55,618 - INFO - uId 145 | aegd@wichita.edu (Dean Elledge) - olduserid: NULL -> 1212
2026-01-06 16:22:55,618 - INFO - uId 146 | beth@olatheendo.com (Barton Putnam) - olduserid: NULL -> 1213
2026-01-06 16:22:55,618 - INFO - uId 147 | drdo@dentalexcell.com (Tho Do) - olduserid: NULL -> 1214
2026-01-06 16:22:55,618 - INFO - uId 148 | lfdc@lindsborgsmiles.com (Erik Peterson) - olduserid: NULL -> 1215
2026-01-06 16:22:55,618 - INFO - uId 149 | celdds168@gmail.com (Maria Aluning) - olduserid: NULL -> 1216
2026-01-06 16:22:55,618 - INFO - uId 150 | doctors@missiondentist.com (William Keith) - olduserid: NULL -> 1217
2026-01-06 16:22:55,618 - INFO - uId 151 | drlivingston@fortcollinsperio.com (Darrell Livingston) - olduserid: NULL -> 1218
2026-01-06 16:22:55,618 - INFO - uId 152 | contactus@fourriversperio.com (Jessica Scully) - olduserid: NULL -> 1219
2026-01-06 16:22:55,618 - INFO - uId 153 | drk@kanningortho.com (Neil Kanning) - olduserid: NULL -> 1220
2026-01-06 16:22:55,618 - INFO - uId 154 | kcvalleyrct@gmail.com (Prasad Challagulla) - olduserid: NULL -> 1221
2026-01-06 16:22:55,618 - INFO - uId 155 | luxi351@gmail.com (Luxi Swisher) - olduserid: NULL -> 1222
2026-01-06 16:22:55,618 - INFO - uId 156 | Marylandendo@gmail.com (Jeffrey Lieberman) - olduserid: NULL -> 1223
2026-01-06 16:22:55,618 - INFO - uId 157 | nnewhouse@newhouseperio.com (Nancy Newhouse) - olduserid: NULL -> 1224
2026-01-06 16:22:55,618 - INFO - uId 158 | jordanwehner@gmail.com (Jordan Wehner) - olduserid: NULL -> 1225
2026-01-06 16:22:55,618 - INFO - uId 159 | info@westwoodaestheticdentistry.com (Rachel Wezka) - olduserid: NULL -> 1226
2026-01-06 16:22:55,618 - INFO - uId 160 | baldwinperiodontics@gmail.com (Elizabeth Baldwin Beals) - olduserid: NULL -> 1227
2026-01-06 16:22:55,618 - INFO - uId 161 | shawdiassar@gmail.com (Shawdi Assar) - olduserid: NULL -> 1228
2026-01-06 16:22:55,618 - INFO - uId 162 | drchand@mcleanfamilydentistry.com (Uppasna Chand) - olduserid: NULL -> 1229
2026-01-06 16:22:55,618 - INFO - uId 163 | drmcdaniel@mcdanielfamilydental.com (Nikita McDaniel) - olduserid: NULL -> 1230
2026-01-06 16:22:55,618 - INFO - uId 164 | scbornaman16@gmail.com (Samantha Bornaman) - olduserid: NULL -> 1231
2026-01-06 16:22:55,618 - INFO - uId 165 | cmschwinke@gmail.com (Clay Schwinke) - olduserid: NULL -> 1232
2026-01-06 16:22:55,618 - INFO - uId 166 | Drcookfrontoffice@gmail.com (Jay Cook) - olduserid: NULL -> 1233
2026-01-06 16:22:55,618 - INFO - uId 167 | info@drtinnel.com (Sarina Harman-Tinnel) - olduserid: NULL -> 1234
2026-01-06 16:22:55,618 - INFO - uId 168 | nmedleydds@gmail.com (Nicole Medley) - olduserid: NULL -> 1235
2026-01-06 16:22:55,618 - INFO - uId 169 | tixoj71987@nasskar.com (tixoj Test) - olduserid: NULL -> 1236
2026-01-06 16:22:55,619 - INFO - uId 170 | akddskc@gmail.com (a k) - olduserid: NULL -> 1237
2026-01-06 16:22:55,619 - INFO - uId 171 | hk@eternalsoftsolutions.com (Hardik Test) - olduserid: NULL -> 1238
2026-01-06 16:22:55,619 - INFO - uId 172 | brianhollabaugh@kcfos.com (BRIAN HOLLABAUGH) - olduserid: 1199 -> 1239
2026-01-06 16:22:55,619 - INFO - uId 173 | DrD@watersdavidsondentistry.com (Lindsay Davidson) - olduserid: NULL -> 1240
2026-01-06 16:22:55,619 - INFO - uId 174 | peter.rmdental@gmail.com (Peter McClellan) - olduserid: NULL -> 1241
2026-01-06 16:22:55,619 - INFO - uId 175 | tc@oltjenbraces.com (Jay Oltjen) - olduserid: NULL -> 1242
2026-01-06 16:22:55,619 - INFO - uId 176 | info@wardperio.com (Audra Ward) - olduserid: NULL -> 1243
2026-01-06 16:22:55,619 - INFO - uId 177 | info@mcleanfamilydentistry.com (Uppasna Chand) - olduserid: NULL -> 1245
2026-01-06 16:22:55,619 - INFO - uId 178 | info@rmdentalgroup.com (Peter McClellan) - olduserid: NULL -> 1246
2026-01-06 16:22:55,619 - INFO - uId 179 | aaltomare@leawoodendodontics.com (Anthony Altomare) - olduserid: NULL -> 1247
2026-01-06 16:22:55,619 - INFO - uId 180 | opdentaldesign318@gmail.com (Patrick Lillis) - olduserid: NULL -> 1248
2026-01-06 16:22:55,619 - INFO - uId 181 | drshull@bcfdental.com (Kyle Shull) - olduserid: NULL -> 1249
2026-01-06 16:22:55,619 - INFO - uId 182 | info@cosmeticimplantdentistrykc.com (David Jackson) - olduserid: NULL -> 1250
2026-01-06 16:22:55,619 - INFO - uId 183 | cpellegrinodds@gmail.com (Camille Pellegrino) - olduserid: NULL -> 1251
2026-01-06 16:22:55,619 - INFO - uId 184 | dcolathe1@gmail.com (navkiran warya) - olduserid: NULL -> 1252
2026-01-06 16:22:55,619 - INFO - uId 185 | indyoffice@kcdios.com (Krista Lerner) - olduserid: NULL -> 1253
2026-01-06 16:22:55,619 - INFO - uId 186 | clinical@watersdavidsondentistry.com (Lindsay Davidson) - olduserid: NULL -> 1254
2026-01-06 16:22:55,619 - INFO - uId 187 | aaronstrangedds@gmail.com (Aaron Strange) - olduserid: NULL -> 1255
2026-01-06 16:22:55,619 - INFO - uId 188 | ben.watkins@smilesinternational.com (Benjamin Watkins) - olduserid: NULL -> 1256
2026-01-06 16:22:55,619 - INFO - uId 189 | caleb.murray96@gmail.com (Caleb Murray) - olduserid: NULL -> 1257
2026-01-06 16:22:55,619 - INFO - uId 190 | Luis.a.blancodds@gmail.com (Luis Blanco) - olduserid: NULL -> 1258
2026-01-06 16:22:55,619 - INFO - uId 206 | len@eternalsoftsolutions.com (Len Vaz) - olduserid: NULL -> 1259
2026-01-06 16:22:55,619 - INFO - uId 191 | len+50@eternalsoftsolutions.com (Len Vaz) - olduserid: NULL -> 1260
2026-01-06 16:22:55,619 - INFO - PostgreSQL connection closed
2026-01-06 16:22:55,619 - INFO - ⏱️ Migration completed in 0.23 seconds
2026-01-06 16:22:55,619 - INFO - 🎉 User migration process completed successfully!
